<?xml version="1.0" encoding="UTF-8"?>
<!-- Generated by org.testng.reporters.JUnitReportReporter -->
<testsuite skipped="0" hostname="DESKTOP-3GNVT0U" name="com.qa.testcases.ExpenseS" tests="2" failures="0" timestamp="03 Mar 2021 08:58:38 GMT" time="464.801" errors="0">
  <testcase name="actions_testing" time="355.775" classname="com.qa.testcases.ExpenseS"/>
  <testcase name="form_test" time="109.026" classname="com.qa.testcases.ExpenseS"/>
</testsuite> <!-- com.qa.testcases.ExpenseS -->
