<?xml version="1.0" encoding="UTF-8"?>
<!-- Generated by org.testng.reporters.JUnitReportReporter -->
<testsuite skipped="0" hostname="DESKTOP-3GNVT0U" name="com.qa.testcases.ExpenseReportTestcases" tests="3" failures="0" timestamp="09 Apr 2021 12:05:10 GMT" time="578.277" errors="0">
  <testcase name="actions_testing" time="372.467" classname="com.qa.testcases.ExpenseReportTestcases"/>
  <testcase name="form_test" time="79.661" classname="com.qa.testcases.ExpenseReportTestcases"/>
  <testcase name="expense_validations" time="126.149" classname="com.qa.testcases.ExpenseReportTestcases"/>
</testsuite> <!-- com.qa.testcases.ExpenseReportTestcases -->
